<?xml version="1.0" encoding="UTF-8"?>
<testng-results skipped="0" failed="0" ignored="0" total="2" passed="2">
  <reporter-output>
    <line>
      <![CDATA[setting value isnull]]>
    </line>
    <line>
      <![CDATA[=================================================================]]>
    </line>
    <line>
      <![CDATA[=================================================================]]>
    </line>
    <line>
      <![CDATA[[INFO]: TEST BROWSER IS  CHROME]]>
    </line>
    <line>
      <![CDATA[=================================================================]]>
    </line>
    <line>
      <![CDATA[=================================================================]]>
    </line>
  </reporter-output>
  <suite name="Default suite" duration-ms="20594" started-at="2019-03-16T13:28:37Z" finished-at="2019-03-16T13:28:58Z">
    <groups>
    </groups>
    <test name="Default test" duration-ms="20594" started-at="2019-03-16T13:28:37Z" finished-at="2019-03-16T13:28:58Z">
      <class name="com.codebase.AmazonTestClass">
        <test-method status="PASS" signature="beforeClass()[pri:0, instance:com.codebase.AmazonTestClass@1ed4004b]" name="beforeClass" is-config="true" duration-ms="19178" started-at="2019-03-16T13:28:37Z" finished-at="2019-03-16T13:28:57Z">
          <reporter-output>
            <line>
              <![CDATA[setting value isnull]]>
            </line>
            <line>
              <![CDATA[=================================================================]]>
            </line>
            <line>
              <![CDATA[=================================================================]]>
            </line>
            <line>
              <![CDATA[[INFO]: TEST BROWSER IS  CHROME]]>
            </line>
            <line>
              <![CDATA[=================================================================]]>
            </line>
            <line>
              <![CDATA[=================================================================]]>
            </line>
          </reporter-output>
        </test-method> <!-- beforeClass -->
        <test-method status="PASS" signature="Test01_Verify_Amazon_Logo()[pri:0, instance:com.codebase.AmazonTestClass@1ed4004b]" name="Test01_Verify_Amazon_Logo" duration-ms="892" started-at="2019-03-16T13:28:57Z" finished-at="2019-03-16T13:28:58Z">
          <reporter-output>
          </reporter-output>
        </test-method> <!-- Test01_Verify_Amazon_Logo -->
        <test-method status="PASS" signature="Test01_Verify_Amazon_Title()[pri:0, instance:com.codebase.AmazonTestClass@1ed4004b]" name="Test01_Verify_Amazon_Title" duration-ms="216" started-at="2019-03-16T13:28:58Z" finished-at="2019-03-16T13:28:58Z">
          <reporter-output>
          </reporter-output>
        </test-method> <!-- Test01_Verify_Amazon_Title -->
        <test-method status="PASS" signature="afterClass()[pri:0, instance:com.codebase.AmazonTestClass@1ed4004b]" name="afterClass" is-config="true" duration-ms="246" started-at="2019-03-16T13:28:58Z" finished-at="2019-03-16T13:28:58Z">
          <reporter-output>
          </reporter-output>
        </test-method> <!-- afterClass -->
      </class> <!-- com.codebase.AmazonTestClass -->
    </test> <!-- Default test -->
  </suite> <!-- Default suite -->
</testng-results>
